# JRE version: OpenJDK Runtime Environment (11.0.13) (build 11.0.13+0-b1751.21-8125866)
# Java VM: OpenJDK 64-Bit Server VM (11.0.13+0-b1751.21-8125866, mixed mode, tiered, compressed oops, g1 gc, windows-amd64)
Heap:
 garbage-first heap   total 522240K, used 244701K [0x0000000080000000, 0x0000000100000000)
  region size 1024K, 43 young (44032K), 2 survivors (2048K)
 Metaspace       used 121007K, capacity 124554K, committed 124608K, reserved 1157120K
  class space    used 15315K, capacity 16636K, committed 16640K, reserved 1048576K
GC Heap History (20 events):
Event: 29.061 GC heap before
{Heap before GC invocations=41 (full 0):
 garbage-first heap   total 436224K, used 251908K [0x0000000080000000, 0x0000000100000000)
  region size 1024K, 21 young (21504K), 9 survivors (9216K)
 Metaspace       used 107946K, capacity 110803K, committed 111040K, reserved 1144832K
  class space    used 13993K, capacity 15095K, committed 15104K, reserved 1048576K
}
Event: 29.083 GC heap after
{Heap after GC invocations=42 (full 0):
 garbage-first heap   total 436224K, used 236628K [0x0000000080000000, 0x0000000100000000)
  region size 1024K, 2 young (2048K), 2 survivors (2048K)
 Metaspace       used 107946K, capacity 110803K, committed 111040K, reserved 1144832K
  class space    used 13993K, capacity 15095K, committed 15104K, reserved 1048576K
}
Event: 29.199 GC heap before
{Heap before GC invocations=42 (full 0):
 garbage-first heap   total 436224K, used 241748K [0x0000000080000000, 0x0000000100000000)
  region size 1024K, 9 young (9216K), 2 survivors (2048K)
 Metaspace       used 107992K, capacity 110833K, committed 111040K, reserved 1144832K
  class space    used 14000K, capacity 15103K, committed 15104K, reserved 1048576K
}
Event: 29.204 GC heap after
{Heap after GC invocations=43 (full 0):
 garbage-first heap   total 436224K, used 237192K [0x0000000080000000, 0x0000000100000000)
  region size 1024K, 2 young (2048K), 2 survivors (2048K)
 Metaspace       used 107992K, capacity 110833K, committed 111040K, reserved 1144832K
  class space    used 14000K, capacity 15103K, committed 15104K, reserved 1048576K
}
Event: 30.477 GC heap before
{Heap before GC invocations=44 (full 0):
 garbage-first heap   total 436224K, used 323208K [0x0000000080000000, 0x0000000100000000)
  region size 1024K, 75 young (76800K), 2 survivors (2048K)
 Metaspace       used 108331K, capacity 111188K, committed 111424K, reserved 1144832K
  class space    used 14037K, capacity 15133K, committed 15232K, reserved 1048576K
}
Event: 30.492 GC heap after
{Heap after GC invocations=45 (full 0):
 garbage-first heap   total 436224K, used 258608K [0x0000000080000000, 0x0000000100000000)
  region size 1024K, 10 young (10240K), 10 survivors (10240K)
 Metaspace       used 108331K, capacity 111188K, committed 111424K, reserved 1144832K
  class space    used 14037K, capacity 15133K, committed 15232K, reserved 1048576K
}
Event: 30.551 GC heap before
{Heap before GC invocations=45 (full 0):
 garbage-first heap   total 436224K, used 269872K [0x0000000080000000, 0x0000000100000000)
  region size 1024K, 21 young (21504K), 10 survivors (10240K)
 Metaspace       used 108371K, capacity 111260K, committed 111424K, reserved 1144832K
  class space    used 14040K, capacity 15136K, committed 15232K, reserved 1048576K
}
Event: 30.563 GC heap after
{Heap after GC invocations=46 (full 0):
 garbage-first heap   total 436224K, used 258176K [0x0000000080000000, 0x0000000100000000)
  region size 1024K, 2 young (2048K), 2 survivors (2048K)
 Metaspace       used 108371K, capacity 111260K, committed 111424K, reserved 1144832K
  class space    used 14040K, capacity 15136K, committed 15232K, reserved 1048576K
}
Event: 30.999 GC heap before
{Heap before GC invocations=46 (full 0):
 garbage-first heap   total 436224K, used 341120K [0x0000000080000000, 0x0000000100000000)
  region size 1024K, 71 young (72704K), 2 survivors (2048K)
 Metaspace       used 109205K, capacity 112111K, committed 112320K, reserved 1146880K
  class space    used 14109K, capacity 15234K, committed 15360K, reserved 1048576K
}
Event: 31.026 GC heap after
{Heap after GC invocations=47 (full 0):
 garbage-first heap   total 436224K, used 281044K [0x0000000080000000, 0x0000000100000000)
  region size 1024K, 9 young (9216K), 9 survivors (9216K)
 Metaspace       used 109205K, capacity 112111K, committed 112320K, reserved 1146880K
  class space    used 14109K, capacity 15234K, committed 15360K, reserved 1048576K
}
Event: 31.779 GC heap before
{Heap before GC invocations=47 (full 0):
 garbage-first heap   total 436224K, used 352724K [0x0000000080000000, 0x0000000100000000)
  region size 1024K, 70 young (71680K), 9 survivors (9216K)
 Metaspace       used 110590K, capacity 113657K, committed 113984K, reserved 1148928K
  class space    used 14263K, capacity 15377K, committed 15488K, reserved 1048576K
}
Event: 31.804 GC heap after
{Heap after GC invocations=48 (full 0):
 garbage-first heap   total 436224K, used 290862K [0x0000000080000000, 0x0000000100000000)
  region size 1024K, 7 young (7168K), 7 survivors (7168K)
 Metaspace       used 110590K, capacity 113657K, committed 113984K, reserved 1148928K
  class space    used 14263K, capacity 15377K, committed 15488K, reserved 1048576K
}
Event: 33.204 GC heap before
{Heap before GC invocations=49 (full 0):
 garbage-first heap   total 436224K, used 352302K [0x0000000080000000, 0x0000000100000000)
  region size 1024K, 67 young (68608K), 7 survivors (7168K)
 Metaspace       used 111697K, capacity 114706K, committed 115008K, reserved 1148928K
  class space    used 14323K, capacity 15441K, committed 15488K, reserved 1048576K
}
Event: 33.225 GC heap after
{Heap after GC invocations=50 (full 0):
 garbage-first heap   total 522240K, used 283456K [0x0000000080000000, 0x0000000100000000)
  region size 1024K, 3 young (3072K), 3 survivors (3072K)
 Metaspace       used 111697K, capacity 114706K, committed 115008K, reserved 1148928K
  class space    used 14323K, capacity 15441K, committed 15488K, reserved 1048576K
}
Event: 33.431 GC heap before
{Heap before GC invocations=50 (full 0):
 garbage-first heap   total 522240K, used 304960K [0x0000000080000000, 0x0000000100000000)
  region size 1024K, 25 young (25600K), 3 survivors (3072K)
 Metaspace       used 112032K, capacity 115015K, committed 115264K, reserved 1148928K
  class space    used 14359K, capacity 15480K, committed 15488K, reserved 1048576K
}
Event: 33.450 GC heap after
{Heap after GC invocations=51 (full 0):
 garbage-first heap   total 522240K, used 281600K [0x0000000080000000, 0x0000000100000000)
  region size 1024K, 4 young (4096K), 4 survivors (4096K)
 Metaspace       used 112032K, capacity 115015K, committed 115264K, reserved 1148928K
  class space    used 14359K, capacity 15480K, committed 15488K, reserved 1048576K
}
Event: 35.189 GC heap before
{Heap before GC invocations=51 (full 0):
 garbage-first heap   total 522240K, used 392192K [0x0000000080000000, 0x0000000100000000)
  region size 1024K, 111 young (113664K), 4 survivors (4096K)
 Metaspace       used 117731K, capacity 121108K, committed 121152K, reserved 1155072K
  class space    used 14973K, capacity 16234K, committed 16256K, reserved 1048576K
}
Event: 35.214 GC heap after
{Heap after GC invocations=52 (full 0):
 garbage-first heap   total 522240K, used 291371K [0x0000000080000000, 0x0000000100000000)
  region size 1024K, 14 young (14336K), 14 survivors (14336K)
 Metaspace       used 117731K, capacity 121108K, committed 121152K, reserved 1155072K
  class space    used 14973K, capacity 16234K, committed 16256K, reserved 1048576K
}
Event: 37.045 GC heap before
{Heap before GC invocations=52 (full 0):
 garbage-first heap   total 522240K, used 435755K [0x0000000080000000, 0x0000000100000000)
  region size 1024K, 121 young (123904K), 14 survivors (14336K)
 Metaspace       used 119981K, capacity 123432K, committed 123584K, reserved 1157120K
  class space    used 15200K, capacity 16517K, committed 16640K, reserved 1048576K
}
Event: 37.058 GC heap after
{Heap after GC invocations=53 (full 0):
 garbage-first heap   total 522240K, used 293853K [0x0000000080000000, 0x0000000100000000)
  region size 1024K, 2 young (2048K), 2 survivors (2048K)
 Metaspace       used 119981K, capacity 123432K, committed 123584K, reserved 1157120K
  class space    used 15200K, capacity 16517K, committed 16640K, reserved 1048576K
}

