# JRE version: OpenJDK Runtime Environment (11.0.13) (build 11.0.13+0-b1751.21-8125866)
# Java VM: OpenJDK 64-Bit Server VM (11.0.13+0-b1751.21-8125866, mixed mode, tiered, compressed oops, g1 gc, windows-amd64)
Heap:
 garbage-first heap   total 183296K, used 50917K [0x0000000080000000, 0x0000000100000000)
  region size 1024K, 8 young (8192K), 8 survivors (8192K)
 Metaspace       used 63564K, capacity 65041K, committed 65360K, reserved 1105920K
  class space    used 7971K, capacity 8517K, committed 8652K, reserved 1048576K
GC Heap History (20 events):
Event: 1.963 GC heap after
{Heap after GC invocations=3 (full 0):
 garbage-first heap   total 126976K, used 9908K [0x0000000080000000, 0x0000000100000000)
  region size 1024K, 3 young (3072K), 3 survivors (3072K)
 Metaspace       used 11290K, capacity 11576K, committed 11776K, reserved 1060864K
  class space    used 1156K, capacity 1244K, committed 1280K, reserved 1048576K
}
Event: 4.761 GC heap before
{Heap before GC invocations=3 (full 0):
 garbage-first heap   total 126976K, used 48820K [0x0000000080000000, 0x0000000100000000)
  region size 1024K, 41 young (41984K), 3 survivors (3072K)
 Metaspace       used 16154K, capacity 16554K, committed 16768K, reserved 1064960K
  class space    used 1809K, capacity 1905K, committed 1920K, reserved 1048576K
}
Event: 4.769 GC heap after
{Heap after GC invocations=4 (full 0):
 garbage-first heap   total 126976K, used 15557K [0x0000000080000000, 0x0000000100000000)
  region size 1024K, 6 young (6144K), 6 survivors (6144K)
 Metaspace       used 16154K, capacity 16554K, committed 16768K, reserved 1064960K
  class space    used 1809K, capacity 1905K, committed 1920K, reserved 1048576K
}
Event: 5.448 GC heap before
{Heap before GC invocations=4 (full 0):
 garbage-first heap   total 126976K, used 53445K [0x0000000080000000, 0x0000000100000000)
  region size 1024K, 44 young (45056K), 6 survivors (6144K)
 Metaspace       used 20839K, capacity 21242K, committed 21296K, reserved 1069056K
  class space    used 2519K, capacity 2682K, committed 2688K, reserved 1048576K
}
Event: 5.457 GC heap after
{Heap after GC invocations=5 (full 0):
 garbage-first heap   total 126976K, used 17128K [0x0000000080000000, 0x0000000100000000)
  region size 1024K, 2 young (2048K), 2 survivors (2048K)
 Metaspace       used 20839K, capacity 21242K, committed 21296K, reserved 1069056K
  class space    used 2519K, capacity 2682K, committed 2688K, reserved 1048576K
}
Event: 6.254 GC heap before
{Heap before GC invocations=6 (full 0):
 garbage-first heap   total 126976K, used 66280K [0x0000000080000000, 0x0000000100000000)
  region size 1024K, 50 young (51200K), 2 survivors (2048K)
 Metaspace       used 25927K, capacity 26576K, committed 26876K, reserved 1073152K
  class space    used 3343K, capacity 3594K, committed 3660K, reserved 1048576K
}
Event: 6.260 GC heap after
{Heap after GC invocations=7 (full 0):
 garbage-first heap   total 126976K, used 18894K [0x0000000080000000, 0x0000000100000000)
  region size 1024K, 4 young (4096K), 4 survivors (4096K)
 Metaspace       used 25927K, capacity 26576K, committed 26876K, reserved 1073152K
  class space    used 3343K, capacity 3594K, committed 3660K, reserved 1048576K
}
Event: 7.208 GC heap before
{Heap before GC invocations=7 (full 0):
 garbage-first heap   total 126976K, used 77262K [0x0000000080000000, 0x0000000100000000)
  region size 1024K, 61 young (62464K), 4 survivors (4096K)
 Metaspace       used 31690K, capacity 32387K, committed 32636K, reserved 1077248K
  class space    used 4193K, capacity 4451K, committed 4556K, reserved 1048576K
}
Event: 7.216 GC heap after
{Heap after GC invocations=8 (full 0):
 garbage-first heap   total 126976K, used 20897K [0x0000000080000000, 0x0000000100000000)
  region size 1024K, 6 young (6144K), 6 survivors (6144K)
 Metaspace       used 31690K, capacity 32387K, committed 32636K, reserved 1077248K
  class space    used 4193K, capacity 4451K, committed 4556K, reserved 1048576K
}
Event: 7.566 GC heap before
{Heap before GC invocations=8 (full 0):
 garbage-first heap   total 126976K, used 29089K [0x0000000080000000, 0x0000000100000000)
  region size 1024K, 15 young (15360K), 6 survivors (6144K)
 Metaspace       used 35134K, capacity 35888K, committed 35964K, reserved 1081344K
  class space    used 4500K, capacity 4790K, committed 4812K, reserved 1048576K
}
Event: 7.575 GC heap after
{Heap after GC invocations=9 (full 0):
 garbage-first heap   total 126976K, used 22632K [0x0000000080000000, 0x0000000100000000)
  region size 1024K, 6 young (6144K), 6 survivors (6144K)
 Metaspace       used 35134K, capacity 35888K, committed 35964K, reserved 1081344K
  class space    used 4500K, capacity 4790K, committed 4812K, reserved 1048576K
}
Event: 9.804 GC heap before
{Heap before GC invocations=10 (full 0):
 garbage-first heap   total 126976K, used 92264K [0x0000000080000000, 0x0000000100000000)
  region size 1024K, 72 young (73728K), 6 survivors (6144K)
 Metaspace       used 40568K, capacity 41509K, committed 41852K, reserved 1085440K
  class space    used 5110K, capacity 5485K, committed 5580K, reserved 1048576K
}
Event: 9.826 GC heap after
{Heap after GC invocations=11 (full 0):
 garbage-first heap   total 152576K, used 27475K [0x0000000080000000, 0x0000000100000000)
  region size 1024K, 9 young (9216K), 9 survivors (9216K)
 Metaspace       used 40568K, capacity 41509K, committed 41852K, reserved 1085440K
  class space    used 5110K, capacity 5485K, committed 5580K, reserved 1048576K
}
Event: 11.599 GC heap before
{Heap before GC invocations=11 (full 0):
 garbage-first heap   total 152576K, used 105299K [0x0000000080000000, 0x0000000100000000)
  region size 1024K, 84 young (86016K), 9 survivors (9216K)
 Metaspace       used 47127K, capacity 48279K, committed 48380K, reserved 1091584K
  class space    used 5979K, capacity 6392K, committed 6476K, reserved 1048576K
}
Event: 11.623 GC heap after
{Heap after GC invocations=12 (full 0):
 garbage-first heap   total 152576K, used 29434K [0x0000000080000000, 0x0000000100000000)
  region size 1024K, 7 young (7168K), 7 survivors (7168K)
 Metaspace       used 47127K, capacity 48279K, committed 48380K, reserved 1091584K
  class space    used 5979K, capacity 6392K, committed 6476K, reserved 1048576K
}
Event: 14.485 GC heap before
{Heap before GC invocations=12 (full 0):
 garbage-first heap   total 152576K, used 117498K [0x0000000080000000, 0x0000000100000000)
  region size 1024K, 89 young (91136K), 7 survivors (7168K)
 Metaspace       used 52965K, capacity 54334K, committed 54524K, reserved 1097728K
  class space    used 6666K, capacity 7158K, committed 7244K, reserved 1048576K
}
Event: 14.513 GC heap after
{Heap after GC invocations=13 (full 0):
 garbage-first heap   total 152576K, used 43588K [0x0000000080000000, 0x0000000100000000)
  region size 1024K, 12 young (12288K), 12 survivors (12288K)
 Metaspace       used 52965K, capacity 54334K, committed 54524K, reserved 1097728K
  class space    used 6666K, capacity 7158K, committed 7244K, reserved 1048576K
}
Event: 16.064 GC heap before
{Heap before GC invocations=13 (full 0):
 garbage-first heap   total 152576K, used 80452K [0x0000000080000000, 0x0000000100000000)
  region size 1024K, 49 young (50176K), 12 survivors (12288K)
 Metaspace       used 58761K, capacity 60214K, committed 60368K, reserved 1101824K
  class space    used 7388K, capacity 7920K, committed 8012K, reserved 1048576K
}
Event: 16.093 GC heap after
{Heap after GC invocations=14 (full 0):
 garbage-first heap   total 152576K, used 45472K [0x0000000080000000, 0x0000000100000000)
  region size 1024K, 2 young (2048K), 2 survivors (2048K)
 Metaspace       used 58761K, capacity 60214K, committed 60368K, reserved 1101824K
  class space    used 7388K, capacity 7920K, committed 8012K, reserved 1048576K
}
Event: 17.867 GC heap before
{Heap before GC invocations=15 (full 0):
 garbage-first heap   total 152576K, used 115104K [0x0000000080000000, 0x0000000100000000)
  region size 1024K, 64 young (65536K), 2 survivors (2048K)
 Metaspace       used 63564K, capacity 65041K, committed 65360K, reserved 1105920K
  class space    used 7971K, capacity 8517K, committed 8652K, reserved 1048576K
}

