# JRE version: OpenJDK Runtime Environment (11.0.13) (build 11.0.13+0-b1751.21-8125866)
# Java VM: OpenJDK 64-Bit Server VM (11.0.13+0-b1751.21-8125866, mixed mode, tiered, compressed oops, g1 gc, windows-amd64)
Heap:
 garbage-first heap   total 220160K, used 158376K [0x0000000080000000, 0x0000000100000000)
  region size 1024K, 86 young (88064K), 13 survivors (13312K)
 Metaspace       used 84421K, capacity 86552K, committed 86736K, reserved 1124352K
  class space    used 10907K, capacity 11676K, committed 11776K, reserved 1048576K
GC Heap History (20 events):
Event: 15.480 GC heap before
{Heap before GC invocations=14 (full 0):
 garbage-first heap   total 152576K, used 102329K [0x0000000080000000, 0x0000000100000000)
  region size 1024K, 66 young (67584K), 9 survivors (9216K)
 Metaspace       used 58802K, capacity 60241K, committed 60496K, reserved 1101824K
  class space    used 7395K, capacity 7950K, committed 8064K, reserved 1048576K
}
Event: 15.503 GC heap after
{Heap after GC invocations=15 (full 0):
 garbage-first heap   total 152576K, used 47285K [0x0000000080000000, 0x0000000100000000)
  region size 1024K, 3 young (3072K), 3 survivors (3072K)
 Metaspace       used 58802K, capacity 60241K, committed 60496K, reserved 1101824K
  class space    used 7395K, capacity 7950K, committed 8064K, reserved 1048576K
}
Event: 15.545 GC heap before
{Heap before GC invocations=15 (full 0):
 garbage-first heap   total 152576K, used 48309K [0x0000000080000000, 0x0000000100000000)
  region size 1024K, 5 young (5120K), 3 survivors (3072K)
 Metaspace       used 58908K, capacity 60330K, committed 60496K, reserved 1101824K
  class space    used 7412K, capacity 7959K, committed 8064K, reserved 1048576K
}
Event: 15.556 GC heap after
{Heap after GC invocations=16 (full 0):
 garbage-first heap   total 152576K, used 47179K [0x0000000080000000, 0x0000000100000000)
  region size 1024K, 3 young (3072K), 3 survivors (3072K)
 Metaspace       used 58908K, capacity 60330K, committed 60496K, reserved 1101824K
  class space    used 7412K, capacity 7959K, committed 8064K, reserved 1048576K
}
Event: 17.182 GC heap before
{Heap before GC invocations=17 (full 0):
 garbage-first heap   total 152576K, used 108619K [0x0000000080000000, 0x0000000100000000)
  region size 1024K, 57 young (58368K), 3 survivors (3072K)
 Metaspace       used 63266K, capacity 64724K, committed 64848K, reserved 1105920K
  class space    used 7937K, capacity 8476K, committed 8576K, reserved 1048576K
}
Event: 17.204 GC heap after
{Heap after GC invocations=18 (full 0):
 garbage-first heap   total 152576K, used 52204K [0x0000000080000000, 0x0000000100000000)
  region size 1024K, 8 young (8192K), 8 survivors (8192K)
 Metaspace       used 63266K, capacity 64724K, committed 64848K, reserved 1105920K
  class space    used 7937K, capacity 8476K, committed 8576K, reserved 1048576K
}
Event: 18.401 GC heap before
{Heap before GC invocations=19 (full 0):
 garbage-first heap   total 152576K, used 91116K [0x0000000080000000, 0x0000000100000000)
  region size 1024K, 46 young (47104K), 8 survivors (8192K)
 Metaspace       used 65434K, capacity 66910K, committed 67152K, reserved 1107968K
  class space    used 8255K, capacity 8814K, committed 8832K, reserved 1048576K
}
Event: 18.423 GC heap after
{Heap after GC invocations=20 (full 0):
 garbage-first heap   total 183296K, used 54549K [0x0000000080000000, 0x0000000100000000)
  region size 1024K, 3 young (3072K), 3 survivors (3072K)
 Metaspace       used 65434K, capacity 66910K, committed 67152K, reserved 1107968K
  class space    used 8255K, capacity 8814K, committed 8832K, reserved 1048576K
}
Event: 19.927 GC heap before
{Heap before GC invocations=20 (full 0):
 garbage-first heap   total 183296K, used 118037K [0x0000000080000000, 0x0000000100000000)
  region size 1024K, 65 young (66560K), 3 survivors (3072K)
 Metaspace       used 68941K, capacity 70531K, committed 70864K, reserved 1110016K
  class space    used 8792K, capacity 9374K, committed 9472K, reserved 1048576K
}
Event: 19.944 GC heap after
{Heap after GC invocations=21 (full 0):
 garbage-first heap   total 183296K, used 58374K [0x0000000080000000, 0x0000000100000000)
  region size 1024K, 7 young (7168K), 7 survivors (7168K)
 Metaspace       used 68941K, capacity 70531K, committed 70864K, reserved 1110016K
  class space    used 8792K, capacity 9374K, committed 9472K, reserved 1048576K
}
Event: 21.785 GC heap before
{Heap before GC invocations=21 (full 0):
 garbage-first heap   total 183296K, used 129030K [0x0000000080000000, 0x0000000100000000)
  region size 1024K, 76 young (77824K), 7 survivors (7168K)
 Metaspace       used 72742K, capacity 74405K, committed 74576K, reserved 1114112K
  class space    used 9391K, capacity 10012K, committed 10112K, reserved 1048576K
}
Event: 21.809 GC heap after
{Heap after GC invocations=22 (full 0):
 garbage-first heap   total 183296K, used 63827K [0x0000000080000000, 0x0000000100000000)
  region size 1024K, 10 young (10240K), 10 survivors (10240K)
 Metaspace       used 72742K, capacity 74405K, committed 74576K, reserved 1114112K
  class space    used 9391K, capacity 10012K, committed 10112K, reserved 1048576K
}
Event: 24.948 GC heap before
{Heap before GC invocations=22 (full 0):
 garbage-first heap   total 183296K, used 135507K [0x0000000080000000, 0x0000000100000000)
  region size 1024K, 80 young (81920K), 10 survivors (10240K)
 Metaspace       used 79405K, capacity 81193K, committed 81360K, reserved 1120256K
  class space    used 10299K, capacity 10969K, committed 11008K, reserved 1048576K
}
Event: 24.982 GC heap after
{Heap after GC invocations=23 (full 0):
 garbage-first heap   total 183296K, used 68509K [0x0000000080000000, 0x0000000100000000)
  region size 1024K, 5 young (5120K), 5 survivors (5120K)
 Metaspace       used 79405K, capacity 81193K, committed 81360K, reserved 1120256K
  class space    used 10299K, capacity 10969K, committed 11008K, reserved 1048576K
}
Event: 32.296 GC heap before
{Heap before GC invocations=23 (full 0):
 garbage-first heap   total 183296K, used 140189K [0x0000000080000000, 0x0000000100000000)
  region size 1024K, 76 young (77824K), 5 survivors (5120K)
 Metaspace       used 82761K, capacity 84817K, committed 85072K, reserved 1122304K
  class space    used 10790K, capacity 11551K, committed 11648K, reserved 1048576K
}
Event: 32.324 GC heap after
{Heap after GC invocations=24 (full 0):
 garbage-first heap   total 220160K, used 73384K [0x0000000080000000, 0x0000000100000000)
  region size 1024K, 10 young (10240K), 10 survivors (10240K)
 Metaspace       used 82761K, capacity 84817K, committed 85072K, reserved 1122304K
  class space    used 10790K, capacity 11551K, committed 11648K, reserved 1048576K
}
Event: 37.050 GC heap before
{Heap before GC invocations=24 (full 0):
 garbage-first heap   total 220160K, used 158376K [0x0000000080000000, 0x0000000100000000)
  region size 1024K, 94 young (96256K), 10 survivors (10240K)
 Metaspace       used 83523K, capacity 85605K, committed 85840K, reserved 1124352K
  class space    used 10840K, capacity 11616K, committed 11648K, reserved 1048576K
}
Event: 37.086 GC heap after
{Heap after GC invocations=25 (full 0):
 garbage-first heap   total 220160K, used 78937K [0x0000000080000000, 0x0000000100000000)
  region size 1024K, 11 young (11264K), 11 survivors (11264K)
 Metaspace       used 83523K, capacity 85605K, committed 85840K, reserved 1124352K
  class space    used 10840K, capacity 11616K, committed 11648K, reserved 1048576K
}
Event: 41.134 GC heap before
{Heap before GC invocations=25 (full 0):
 garbage-first heap   total 220160K, used 168025K [0x0000000080000000, 0x0000000100000000)
  region size 1024K, 99 young (101376K), 11 survivors (11264K)
 Metaspace       used 84084K, capacity 86134K, committed 86480K, reserved 1124352K
  class space    used 10876K, capacity 11668K, committed 11776K, reserved 1048576K
}
Event: 41.174 GC heap after
{Heap after GC invocations=26 (full 0):
 garbage-first heap   total 220160K, used 85672K [0x0000000080000000, 0x0000000100000000)
  region size 1024K, 13 young (13312K), 13 survivors (13312K)
 Metaspace       used 84084K, capacity 86134K, committed 86480K, reserved 1124352K
  class space    used 10876K, capacity 11668K, committed 11776K, reserved 1048576K
}

