# JRE version: OpenJDK Runtime Environment (11.0.13) (build 11.0.13+0-b1751.21-8125866)
# Java VM: OpenJDK 64-Bit Server VM (11.0.13+0-b1751.21-8125866, mixed mode, tiered, compressed oops, g1 gc, windows-amd64)
Heap:
 garbage-first heap   total 152576K, used 30424K [0x0000000080000000, 0x0000000100000000)
  region size 1024K, 12 young (12288K), 9 survivors (9216K)
 Metaspace       used 40452K, capacity 41399K, committed 41596K, reserved 1085440K
  class space    used 5093K, capacity 5450K, committed 5580K, reserved 1048576K
GC Heap History (18 events):
Event: 1.141 GC heap before
{Heap before GC invocations=0 (full 0):
 garbage-first heap   total 126976K, used 16384K [0x0000000080000000, 0x0000000100000000)
  region size 1024K, 14 young (14336K), 0 survivors (0K)
 Metaspace       used 6793K, capacity 6989K, committed 7168K, reserved 1056768K
  class space    used 575K, capacity 650K, committed 768K, reserved 1048576K
}
Event: 1.147 GC heap after
{Heap after GC invocations=1 (full 0):
 garbage-first heap   total 126976K, used 4241K [0x0000000080000000, 0x0000000100000000)
  region size 1024K, 2 young (2048K), 2 survivors (2048K)
 Metaspace       used 6793K, capacity 6989K, committed 7168K, reserved 1056768K
  class space    used 575K, capacity 650K, committed 768K, reserved 1048576K
}
Event: 1.586 GC heap before
{Heap before GC invocations=1 (full 0):
 garbage-first heap   total 126976K, used 17553K [0x0000000080000000, 0x0000000100000000)
  region size 1024K, 13 young (13312K), 2 survivors (2048K)
 Metaspace       used 10219K, capacity 10455K, committed 10624K, reserved 1058816K
  class space    used 1047K, capacity 1106K, committed 1152K, reserved 1048576K
}
Event: 1.591 GC heap after
{Heap after GC invocations=2 (full 0):
 garbage-first heap   total 126976K, used 9320K [0x0000000080000000, 0x0000000100000000)
  region size 1024K, 2 young (2048K), 2 survivors (2048K)
 Metaspace       used 10219K, capacity 10455K, committed 10624K, reserved 1058816K
  class space    used 1047K, capacity 1106K, committed 1152K, reserved 1048576K
}
Event: 2.222 GC heap before
{Heap before GC invocations=2 (full 0):
 garbage-first heap   total 126976K, used 36968K [0x0000000080000000, 0x0000000100000000)
  region size 1024K, 29 young (29696K), 2 survivors (2048K)
 Metaspace       used 11269K, capacity 11508K, committed 11776K, reserved 1060864K
  class space    used 1156K, capacity 1244K, committed 1280K, reserved 1048576K
}
Event: 2.227 GC heap after
{Heap after GC invocations=3 (full 0):
 garbage-first heap   total 126976K, used 10054K [0x0000000080000000, 0x0000000100000000)
  region size 1024K, 3 young (3072K), 3 survivors (3072K)
 Metaspace       used 11269K, capacity 11508K, committed 11776K, reserved 1060864K
  class space    used 1156K, capacity 1244K, committed 1280K, reserved 1048576K
}
Event: 4.252 GC heap before
{Heap before GC invocations=3 (full 0):
 garbage-first heap   total 126976K, used 51014K [0x0000000080000000, 0x0000000100000000)
  region size 1024K, 43 young (44032K), 3 survivors (3072K)
 Metaspace       used 16885K, capacity 17299K, committed 17536K, reserved 1064960K
  class space    used 1919K, capacity 2070K, committed 2176K, reserved 1048576K
}
Event: 4.260 GC heap after
{Heap after GC invocations=4 (full 0):
 garbage-first heap   total 126976K, used 15754K [0x0000000080000000, 0x0000000100000000)
  region size 1024K, 6 young (6144K), 6 survivors (6144K)
 Metaspace       used 16885K, capacity 17299K, committed 17536K, reserved 1064960K
  class space    used 1919K, capacity 2070K, committed 2176K, reserved 1048576K
}
Event: 4.793 GC heap before
{Heap before GC invocations=4 (full 0):
 garbage-first heap   total 126976K, used 49546K [0x0000000080000000, 0x0000000100000000)
  region size 1024K, 41 young (41984K), 6 survivors (6144K)
 Metaspace       used 20800K, capacity 21238K, committed 21296K, reserved 1069056K
  class space    used 2520K, capacity 2682K, committed 2688K, reserved 1048576K
}
Event: 4.803 GC heap after
{Heap after GC invocations=5 (full 0):
 garbage-first heap   total 126976K, used 18098K [0x0000000080000000, 0x0000000100000000)
  region size 1024K, 2 young (2048K), 2 survivors (2048K)
 Metaspace       used 20800K, capacity 21238K, committed 21296K, reserved 1069056K
  class space    used 2520K, capacity 2682K, committed 2688K, reserved 1048576K
}
Event: 5.927 GC heap before
{Heap before GC invocations=6 (full 0):
 garbage-first heap   total 126976K, used 67250K [0x0000000080000000, 0x0000000100000000)
  region size 1024K, 50 young (51200K), 2 survivors (2048K)
 Metaspace       used 25900K, capacity 26572K, committed 26876K, reserved 1073152K
  class space    used 3343K, capacity 3594K, committed 3660K, reserved 1048576K
}
Event: 5.933 GC heap after
{Heap after GC invocations=7 (full 0):
 garbage-first heap   total 126976K, used 19849K [0x0000000080000000, 0x0000000100000000)
  region size 1024K, 4 young (4096K), 4 survivors (4096K)
 Metaspace       used 25900K, capacity 26572K, committed 26876K, reserved 1073152K
  class space    used 3343K, capacity 3594K, committed 3660K, reserved 1048576K
}
Event: 7.061 GC heap before
{Heap before GC invocations=7 (full 0):
 garbage-first heap   total 126976K, used 78217K [0x0000000080000000, 0x0000000100000000)
  region size 1024K, 61 young (62464K), 4 survivors (4096K)
 Metaspace       used 32105K, capacity 32888K, committed 33148K, reserved 1077248K
  class space    used 4236K, capacity 4514K, committed 4556K, reserved 1048576K
}
Event: 7.071 GC heap after
{Heap after GC invocations=8 (full 0):
 garbage-first heap   total 126976K, used 22075K [0x0000000080000000, 0x0000000100000000)
  region size 1024K, 6 young (6144K), 6 survivors (6144K)
 Metaspace       used 32105K, capacity 32888K, committed 33148K, reserved 1077248K
  class space    used 4236K, capacity 4514K, committed 4556K, reserved 1048576K
}
Event: 7.335 GC heap before
{Heap before GC invocations=8 (full 0):
 garbage-first heap   total 126976K, used 28219K [0x0000000080000000, 0x0000000100000000)
  region size 1024K, 13 young (13312K), 6 survivors (6144K)
 Metaspace       used 35143K, capacity 35883K, committed 35964K, reserved 1081344K
  class space    used 4498K, capacity 4790K, committed 4812K, reserved 1048576K
}
Event: 7.345 GC heap after
{Heap after GC invocations=9 (full 0):
 garbage-first heap   total 126976K, used 23581K [0x0000000080000000, 0x0000000100000000)
  region size 1024K, 6 young (6144K), 6 survivors (6144K)
 Metaspace       used 35143K, capacity 35883K, committed 35964K, reserved 1081344K
  class space    used 4498K, capacity 4790K, committed 4812K, reserved 1048576K
}
Event: 8.655 GC heap before
{Heap before GC invocations=10 (full 0):
 garbage-first heap   total 126976K, used 90141K [0x0000000080000000, 0x0000000100000000)
  region size 1024K, 69 young (70656K), 6 survivors (6144K)
 Metaspace       used 40005K, capacity 40924K, committed 41212K, reserved 1085440K
  class space    used 5051K, capacity 5377K, committed 5452K, reserved 1048576K
}
Event: 8.674 GC heap after
{Heap after GC invocations=11 (full 0):
 garbage-first heap   total 152576K, used 28376K [0x0000000080000000, 0x0000000100000000)
  region size 1024K, 9 young (9216K), 9 survivors (9216K)
 Metaspace       used 40005K, capacity 40924K, committed 41212K, reserved 1085440K
  class space    used 5051K, capacity 5377K, committed 5452K, reserved 1048576K
}

