# JRE version: OpenJDK Runtime Environment (11.0.13) (build 11.0.13+0-b1751.21-8125866)
# Java VM: OpenJDK 64-Bit Server VM (11.0.13+0-b1751.21-8125866, mixed mode, tiered, compressed oops, g1 gc, windows-amd64)
Heap:
 garbage-first heap   total 183296K, used 51418K [0x0000000080000000, 0x0000000100000000)
  region size 1024K, 8 young (8192K), 8 survivors (8192K)
 Metaspace       used 63930K, capacity 65450K, committed 65572K, reserved 1105920K
  class space    used 8006K, capacity 8548K, committed 8652K, reserved 1048576K
GC Heap History (20 events):
Event: 3.626 GC heap after
{Heap after GC invocations=3 (full 0):
 garbage-first heap   total 126976K, used 10041K [0x0000000080000000, 0x0000000100000000)
  region size 1024K, 3 young (3072K), 3 survivors (3072K)
 Metaspace       used 11286K, capacity 11572K, committed 11776K, reserved 1060864K
  class space    used 1156K, capacity 1244K, committed 1280K, reserved 1048576K
}
Event: 5.233 GC heap before
{Heap before GC invocations=3 (full 0):
 garbage-first heap   total 126976K, used 46905K [0x0000000080000000, 0x0000000100000000)
  region size 1024K, 39 young (39936K), 3 survivors (3072K)
 Metaspace       used 15176K, capacity 15522K, committed 15744K, reserved 1062912K
  class space    used 1706K, capacity 1796K, committed 1920K, reserved 1048576K
}
Event: 5.242 GC heap after
{Heap after GC invocations=4 (full 0):
 garbage-first heap   total 126976K, used 15774K [0x0000000080000000, 0x0000000100000000)
  region size 1024K, 5 young (5120K), 5 survivors (5120K)
 Metaspace       used 15176K, capacity 15522K, committed 15744K, reserved 1062912K
  class space    used 1706K, capacity 1796K, committed 1920K, reserved 1048576K
}
Event: 6.920 GC heap before
{Heap before GC invocations=4 (full 0):
 garbage-first heap   total 126976K, used 56734K [0x0000000080000000, 0x0000000100000000)
  region size 1024K, 46 young (47104K), 5 survivors (5120K)
 Metaspace       used 20825K, capacity 21238K, committed 21296K, reserved 1069056K
  class space    used 2523K, capacity 2682K, committed 2688K, reserved 1048576K
}
Event: 6.932 GC heap after
{Heap after GC invocations=5 (full 0):
 garbage-first heap   total 126976K, used 17585K [0x0000000080000000, 0x0000000100000000)
  region size 1024K, 2 young (2048K), 2 survivors (2048K)
 Metaspace       used 20825K, capacity 21238K, committed 21296K, reserved 1069056K
  class space    used 2523K, capacity 2682K, committed 2688K, reserved 1048576K
}
Event: 8.147 GC heap before
{Heap before GC invocations=6 (full 0):
 garbage-first heap   total 126976K, used 68785K [0x0000000080000000, 0x0000000100000000)
  region size 1024K, 52 young (53248K), 2 survivors (2048K)
 Metaspace       used 26231K, capacity 26952K, committed 27260K, reserved 1073152K
  class space    used 3399K, capacity 3661K, committed 3788K, reserved 1048576K
}
Event: 8.154 GC heap after
{Heap after GC invocations=7 (full 0):
 garbage-first heap   total 126976K, used 19517K [0x0000000080000000, 0x0000000100000000)
  region size 1024K, 4 young (4096K), 4 survivors (4096K)
 Metaspace       used 26231K, capacity 26952K, committed 27260K, reserved 1073152K
  class space    used 3399K, capacity 3661K, committed 3788K, reserved 1048576K
}
Event: 8.983 GC heap before
{Heap before GC invocations=7 (full 0):
 garbage-first heap   total 126976K, used 76861K [0x0000000080000000, 0x0000000100000000)
  region size 1024K, 60 young (61440K), 4 survivors (4096K)
 Metaspace       used 32031K, capacity 32768K, committed 32892K, reserved 1077248K
  class space    used 4231K, capacity 4496K, committed 4556K, reserved 1048576K
}
Event: 8.995 GC heap after
{Heap after GC invocations=8 (full 0):
 garbage-first heap   total 126976K, used 21539K [0x0000000080000000, 0x0000000100000000)
  region size 1024K, 6 young (6144K), 6 survivors (6144K)
 Metaspace       used 32031K, capacity 32768K, committed 32892K, reserved 1077248K
  class space    used 4231K, capacity 4496K, committed 4556K, reserved 1048576K
}
Event: 9.240 GC heap before
{Heap before GC invocations=8 (full 0):
 garbage-first heap   total 126976K, used 28707K [0x0000000080000000, 0x0000000100000000)
  region size 1024K, 14 young (14336K), 6 survivors (6144K)
 Metaspace       used 35146K, capacity 35884K, committed 35964K, reserved 1081344K
  class space    used 4507K, capacity 4790K, committed 4812K, reserved 1048576K
}
Event: 9.250 GC heap after
{Heap after GC invocations=9 (full 0):
 garbage-first heap   total 152576K, used 23438K [0x0000000080000000, 0x0000000100000000)
  region size 1024K, 6 young (6144K), 6 survivors (6144K)
 Metaspace       used 35146K, capacity 35884K, committed 35964K, reserved 1081344K
  class space    used 4507K, capacity 4790K, committed 4812K, reserved 1048576K
}
Event: 10.446 GC heap before
{Heap before GC invocations=10 (full 0):
 garbage-first heap   total 152576K, used 88974K [0x0000000080000000, 0x0000000100000000)
  region size 1024K, 68 young (69632K), 6 survivors (6144K)
 Metaspace       used 39911K, capacity 40791K, committed 40956K, reserved 1085440K
  class space    used 5044K, capacity 5375K, committed 5452K, reserved 1048576K
}
Event: 10.463 GC heap after
{Heap after GC invocations=11 (full 0):
 garbage-first heap   total 152576K, used 28039K [0x0000000080000000, 0x0000000100000000)
  region size 1024K, 9 young (9216K), 9 survivors (9216K)
 Metaspace       used 39911K, capacity 40791K, committed 40956K, reserved 1085440K
  class space    used 5044K, capacity 5375K, committed 5452K, reserved 1048576K
}
Event: 11.914 GC heap before
{Heap before GC invocations=11 (full 0):
 garbage-first heap   total 152576K, used 96647K [0x0000000080000000, 0x0000000100000000)
  region size 1024K, 76 young (77824K), 9 survivors (9216K)
 Metaspace       used 45970K, capacity 47053K, committed 47228K, reserved 1089536K
  class space    used 5823K, capacity 6219K, committed 6348K, reserved 1048576K
}
Event: 11.929 GC heap after
{Heap after GC invocations=12 (full 0):
 garbage-first heap   total 152576K, used 29934K [0x0000000080000000, 0x0000000100000000)
  region size 1024K, 7 young (7168K), 7 survivors (7168K)
 Metaspace       used 45970K, capacity 47053K, committed 47228K, reserved 1089536K
  class space    used 5823K, capacity 6219K, committed 6348K, reserved 1048576K
}
Event: 13.693 GC heap before
{Heap before GC invocations=12 (full 0):
 garbage-first heap   total 152576K, used 111854K [0x0000000080000000, 0x0000000100000000)
  region size 1024K, 83 young (84992K), 7 survivors (7168K)
 Metaspace       used 50190K, capacity 51484K, committed 51580K, reserved 1093632K
  class space    used 6313K, capacity 6785K, committed 6860K, reserved 1048576K
}
Event: 13.709 GC heap after
{Heap after GC invocations=13 (full 0):
 garbage-first heap   total 152576K, used 43152K [0x0000000080000000, 0x0000000100000000)
  region size 1024K, 11 young (11264K), 11 survivors (11264K)
 Metaspace       used 50190K, capacity 51484K, committed 51580K, reserved 1093632K
  class space    used 6313K, capacity 6785K, committed 6860K, reserved 1048576K
}
Event: 14.932 GC heap before
{Heap before GC invocations=13 (full 0):
 garbage-first heap   total 152576K, used 104592K [0x0000000080000000, 0x0000000100000000)
  region size 1024K, 72 young (73728K), 11 survivors (11264K)
 Metaspace       used 58956K, capacity 60425K, committed 60580K, reserved 1101824K
  class space    used 7414K, capacity 7928K, committed 8012K, reserved 1048576K
}
Event: 14.957 GC heap after
{Heap after GC invocations=14 (full 0):
 garbage-first heap   total 152576K, used 46074K [0x0000000080000000, 0x0000000100000000)
  region size 1024K, 3 young (3072K), 3 survivors (3072K)
 Metaspace       used 58956K, capacity 60425K, committed 60580K, reserved 1101824K
  class space    used 7414K, capacity 7928K, committed 8012K, reserved 1048576K
}
Event: 16.649 GC heap before
{Heap before GC invocations=15 (full 0):
 garbage-first heap   total 152576K, used 116730K [0x0000000080000000, 0x0000000100000000)
  region size 1024K, 66 young (67584K), 3 survivors (3072K)
 Metaspace       used 63930K, capacity 65450K, committed 65572K, reserved 1105920K
  class space    used 8006K, capacity 8548K, committed 8652K, reserved 1048576K
}

