# JRE version: OpenJDK Runtime Environment (11.0.13) (build 11.0.13+0-b1751.21-8125866)
# Java VM: OpenJDK 64-Bit Server VM (11.0.13+0-b1751.21-8125866, mixed mode, tiered, compressed oops, g1 gc, windows-amd64)
Heap:
 garbage-first heap   total 183296K, used 47045K [0x0000000080000000, 0x0000000100000000)
  region size 1024K, 2 young (2048K), 2 survivors (2048K)
 Metaspace       used 59109K, capacity 60593K, committed 60636K, reserved 1101824K
  class space    used 7437K, capacity 7986K, committed 8012K, reserved 1048576K
GC Heap History (20 events):
Event: 0.720 GC heap after
{Heap after GC invocations=1 (full 0):
 garbage-first heap   total 126976K, used 4184K [0x0000000080000000, 0x0000000100000000)
  region size 1024K, 2 young (2048K), 2 survivors (2048K)
 Metaspace       used 6785K, capacity 6989K, committed 7168K, reserved 1056768K
  class space    used 575K, capacity 650K, committed 768K, reserved 1048576K
}
Event: 1.196 GC heap before
{Heap before GC invocations=1 (full 0):
 garbage-first heap   total 126976K, used 17496K [0x0000000080000000, 0x0000000100000000)
  region size 1024K, 13 young (13312K), 2 survivors (2048K)
 Metaspace       used 10243K, capacity 10455K, committed 10624K, reserved 1058816K
  class space    used 1047K, capacity 1106K, committed 1152K, reserved 1048576K
}
Event: 1.201 GC heap after
{Heap after GC invocations=2 (full 0):
 garbage-first heap   total 126976K, used 9635K [0x0000000080000000, 0x0000000100000000)
  region size 1024K, 2 young (2048K), 2 survivors (2048K)
 Metaspace       used 10243K, capacity 10455K, committed 10624K, reserved 1058816K
  class space    used 1047K, capacity 1106K, committed 1152K, reserved 1048576K
}
Event: 2.076 GC heap before
{Heap before GC invocations=2 (full 0):
 garbage-first heap   total 126976K, used 37283K [0x0000000080000000, 0x0000000100000000)
  region size 1024K, 29 young (29696K), 2 survivors (2048K)
 Metaspace       used 11280K, capacity 11572K, committed 11776K, reserved 1060864K
  class space    used 1156K, capacity 1244K, committed 1280K, reserved 1048576K
}
Event: 2.080 GC heap after
{Heap after GC invocations=3 (full 0):
 garbage-first heap   total 126976K, used 10094K [0x0000000080000000, 0x0000000100000000)
  region size 1024K, 3 young (3072K), 3 survivors (3072K)
 Metaspace       used 11280K, capacity 11572K, committed 11776K, reserved 1060864K
  class space    used 1156K, capacity 1244K, committed 1280K, reserved 1048576K
}
Event: 4.251 GC heap before
{Heap before GC invocations=3 (full 0):
 garbage-first heap   total 126976K, used 51054K [0x0000000080000000, 0x0000000100000000)
  region size 1024K, 43 young (44032K), 3 survivors (3072K)
 Metaspace       used 16728K, capacity 17107K, committed 17152K, reserved 1064960K
  class space    used 1893K, capacity 2006K, committed 2048K, reserved 1048576K
}
Event: 4.263 GC heap after
{Heap after GC invocations=4 (full 0):
 garbage-first heap   total 126976K, used 15798K [0x0000000080000000, 0x0000000100000000)
  region size 1024K, 6 young (6144K), 6 survivors (6144K)
 Metaspace       used 16728K, capacity 17107K, committed 17152K, reserved 1064960K
  class space    used 1893K, capacity 2006K, committed 2048K, reserved 1048576K
}
Event: 4.855 GC heap before
{Heap before GC invocations=4 (full 0):
 garbage-first heap   total 126976K, used 50614K [0x0000000080000000, 0x0000000100000000)
  region size 1024K, 41 young (41984K), 6 survivors (6144K)
 Metaspace       used 20827K, capacity 21238K, committed 21296K, reserved 1069056K
  class space    used 2523K, capacity 2682K, committed 2688K, reserved 1048576K
}
Event: 4.864 GC heap after
{Heap after GC invocations=5 (full 0):
 garbage-first heap   total 126976K, used 17689K [0x0000000080000000, 0x0000000100000000)
  region size 1024K, 2 young (2048K), 2 survivors (2048K)
 Metaspace       used 20827K, capacity 21238K, committed 21296K, reserved 1069056K
  class space    used 2523K, capacity 2682K, committed 2688K, reserved 1048576K
}
Event: 5.636 GC heap before
{Heap before GC invocations=6 (full 0):
 garbage-first heap   total 126976K, used 66841K [0x0000000080000000, 0x0000000100000000)
  region size 1024K, 50 young (51200K), 2 survivors (2048K)
 Metaspace       used 26200K, capacity 26841K, committed 27008K, reserved 1073152K
  class space    used 3393K, capacity 3624K, committed 3712K, reserved 1048576K
}
Event: 5.644 GC heap after
{Heap after GC invocations=7 (full 0):
 garbage-first heap   total 152576K, used 19438K [0x0000000080000000, 0x0000000100000000)
  region size 1024K, 4 young (4096K), 4 survivors (4096K)
 Metaspace       used 26200K, capacity 26841K, committed 27008K, reserved 1073152K
  class space    used 3393K, capacity 3624K, committed 3712K, reserved 1048576K
}
Event: 6.816 GC heap before
{Heap before GC invocations=7 (full 0):
 garbage-first heap   total 152576K, used 83950K [0x0000000080000000, 0x0000000100000000)
  region size 1024K, 68 young (69632K), 4 survivors (4096K)
 Metaspace       used 35239K, capacity 35994K, committed 36048K, reserved 1081344K
  class space    used 4516K, capacity 4827K, committed 4864K, reserved 1048576K
}
Event: 6.828 GC heap after
{Heap after GC invocations=8 (full 0):
 garbage-first heap   total 152576K, used 23127K [0x0000000080000000, 0x0000000100000000)
  region size 1024K, 7 young (7168K), 7 survivors (7168K)
 Metaspace       used 35239K, capacity 35994K, committed 36048K, reserved 1081344K
  class space    used 4516K, capacity 4827K, committed 4864K, reserved 1048576K
}
Event: 8.248 GC heap before
{Heap before GC invocations=9 (full 0):
 garbage-first heap   total 152576K, used 107095K [0x0000000080000000, 0x0000000100000000)
  region size 1024K, 87 young (89088K), 7 survivors (7168K)
 Metaspace       used 41791K, capacity 42769K, committed 43036K, reserved 1087488K
  class space    used 5291K, capacity 5664K, committed 5708K, reserved 1048576K
}
Event: 8.273 GC heap after
{Heap after GC invocations=10 (full 0):
 garbage-first heap   total 152576K, used 29143K [0x0000000080000000, 0x0000000100000000)
  region size 1024K, 11 young (11264K), 11 survivors (11264K)
 Metaspace       used 41791K, capacity 42769K, committed 43036K, reserved 1087488K
  class space    used 5291K, capacity 5664K, committed 5708K, reserved 1048576K
}
Event: 9.486 GC heap before
{Heap before GC invocations=10 (full 0):
 garbage-first heap   total 152576K, used 109015K [0x0000000080000000, 0x0000000100000000)
  region size 1024K, 89 young (91136K), 11 survivors (11264K)
 Metaspace       used 48036K, capacity 49242K, committed 49564K, reserved 1091584K
  class space    used 6066K, capacity 6502K, committed 6604K, reserved 1048576K
}
Event: 9.514 GC heap after
{Heap after GC invocations=11 (full 0):
 garbage-first heap   total 152576K, used 32407K [0x0000000080000000, 0x0000000100000000)
  region size 1024K, 9 young (9216K), 9 survivors (9216K)
 Metaspace       used 48036K, capacity 49242K, committed 49564K, reserved 1091584K
  class space    used 6066K, capacity 6502K, committed 6604K, reserved 1048576K
}
Event: 10.963 GC heap before
{Heap before GC invocations=11 (full 0):
 garbage-first heap   total 152576K, used 118423K [0x0000000080000000, 0x0000000100000000)
  region size 1024K, 89 young (91136K), 9 survivors (9216K)
 Metaspace       used 54971K, capacity 56440K, committed 56604K, reserved 1097728K
  class space    used 6905K, capacity 7456K, committed 7500K, reserved 1048576K
}
Event: 10.982 GC heap after
{Heap after GC invocations=12 (full 0):
 garbage-first heap   total 152576K, used 44910K [0x0000000080000000, 0x0000000100000000)
  region size 1024K, 12 young (12288K), 12 survivors (12288K)
 Metaspace       used 54971K, capacity 56440K, committed 56604K, reserved 1097728K
  class space    used 6905K, capacity 7456K, committed 7500K, reserved 1048576K
}
Event: 11.612 GC heap before
{Heap before GC invocations=12 (full 0):
 garbage-first heap   total 152576K, used 72558K [0x0000000080000000, 0x0000000100000000)
  region size 1024K, 40 young (40960K), 12 survivors (12288K)
 Metaspace       used 59109K, capacity 60593K, committed 60636K, reserved 1101824K
  class space    used 7437K, capacity 7986K, committed 8012K, reserved 1048576K
}

