# JRE version: OpenJDK Runtime Environment (11.0.13) (build 11.0.13+0-b1751.21-8125866)
# Java VM: OpenJDK 64-Bit Server VM (11.0.13+0-b1751.21-8125866, mixed mode, tiered, compressed oops, g1 gc, windows-amd64)
Heap:
 garbage-first heap   total 385024K, used 207655K [0x0000000080000000, 0x0000000100000000)
  region size 1024K, 5 young (5120K), 5 survivors (5120K)
 Metaspace       used 149592K, capacity 154566K, committed 154832K, reserved 1183744K
  class space    used 18623K, capacity 20445K, committed 20556K, reserved 1048576K
GC Heap History (20 events):
Event: 1431.829 GC heap after
{Heap after GC invocations=103 (full 0):
 garbage-first heap   total 280576K, used 232131K [0x0000000080000000, 0x0000000100000000)
  region size 1024K, 2 young (2048K), 2 survivors (2048K)
 Metaspace       used 147099K, capacity 152022K, committed 152272K, reserved 1181696K
  class space    used 18378K, capacity 20162K, committed 20300K, reserved 1048576K
}
Event: 1432.018 GC heap before
{Heap before GC invocations=103 (full 0):
 garbage-first heap   total 280576K, used 243395K [0x0000000080000000, 0x0000000100000000)
  region size 1024K, 14 young (14336K), 2 survivors (2048K)
 Metaspace       used 147290K, capacity 152246K, committed 152528K, reserved 1181696K
  class space    used 18389K, capacity 20194K, committed 20300K, reserved 1048576K
}
Event: 1432.025 GC heap after
{Heap after GC invocations=104 (full 0):
 garbage-first heap   total 280576K, used 231679K [0x0000000080000000, 0x0000000100000000)
  region size 1024K, 1 young (1024K), 1 survivors (1024K)
 Metaspace       used 147290K, capacity 152246K, committed 152528K, reserved 1181696K
  class space    used 18389K, capacity 20194K, committed 20300K, reserved 1048576K
}
Event: 1432.290 GC heap before
{Heap before GC invocations=104 (full 0):
 garbage-first heap   total 280576K, used 229631K [0x0000000080000000, 0x0000000100000000)
  region size 1024K, 14 young (14336K), 1 survivors (1024K)
 Metaspace       used 147299K, capacity 152246K, committed 152528K, reserved 1181696K
  class space    used 18389K, capacity 20194K, committed 20300K, reserved 1048576K
}
Event: 1432.294 GC heap after
{Heap after GC invocations=105 (full 0):
 garbage-first heap   total 280576K, used 217365K [0x0000000080000000, 0x0000000100000000)
  region size 1024K, 1 young (1024K), 1 survivors (1024K)
 Metaspace       used 147299K, capacity 152246K, committed 152528K, reserved 1181696K
  class space    used 18389K, capacity 20194K, committed 20300K, reserved 1048576K
}
Event: 1432.520 GC heap before
{Heap before GC invocations=106 (full 0):
 garbage-first heap   total 280576K, used 236821K [0x0000000080000000, 0x0000000100000000)
  region size 1024K, 20 young (20480K), 1 survivors (1024K)
 Metaspace       used 147342K, capacity 152246K, committed 152528K, reserved 1181696K
  class space    used 18389K, capacity 20194K, committed 20300K, reserved 1048576K
}
Event: 1432.523 GC heap after
{Heap after GC invocations=107 (full 0):
 garbage-first heap   total 280576K, used 217155K [0x0000000080000000, 0x0000000100000000)
  region size 1024K, 1 young (1024K), 1 survivors (1024K)
 Metaspace       used 147342K, capacity 152246K, committed 152528K, reserved 1181696K
  class space    used 18389K, capacity 20194K, committed 20300K, reserved 1048576K
}
Event: 1432.644 GC heap before
{Heap before GC invocations=107 (full 0):
 garbage-first heap   total 280576K, used 229443K [0x0000000080000000, 0x0000000100000000)
  region size 1024K, 13 young (13312K), 1 survivors (1024K)
 Metaspace       used 147403K, capacity 152310K, committed 152528K, reserved 1181696K
  class space    used 18390K, capacity 20194K, committed 20300K, reserved 1048576K
}
Event: 1432.651 GC heap after
{Heap after GC invocations=108 (full 0):
 garbage-first heap   total 280576K, used 199889K [0x0000000080000000, 0x0000000100000000)
  region size 1024K, 1 young (1024K), 1 survivors (1024K)
 Metaspace       used 147403K, capacity 152310K, committed 152528K, reserved 1181696K
  class space    used 18390K, capacity 20194K, committed 20300K, reserved 1048576K
}
Event: 1433.584 GC heap before
{Heap before GC invocations=108 (full 0):
 garbage-first heap   total 280576K, used 228561K [0x0000000080000000, 0x0000000100000000)
  region size 1024K, 30 young (30720K), 1 survivors (1024K)
 Metaspace       used 147569K, capacity 152502K, committed 152784K, reserved 1181696K
  class space    used 18392K, capacity 20194K, committed 20300K, reserved 1048576K
}
Event: 1433.589 GC heap after
{Heap after GC invocations=109 (full 0):
 garbage-first heap   total 280576K, used 200460K [0x0000000080000000, 0x0000000100000000)
  region size 1024K, 1 young (1024K), 1 survivors (1024K)
 Metaspace       used 147569K, capacity 152502K, committed 152784K, reserved 1181696K
  class space    used 18392K, capacity 20194K, committed 20300K, reserved 1048576K
}
Event: 1434.760 GC heap before
{Heap before GC invocations=110 (full 0):
 garbage-first heap   total 280576K, used 230156K [0x0000000080000000, 0x0000000100000000)
  region size 1024K, 32 young (32768K), 1 survivors (1024K)
 Metaspace       used 148441K, capacity 153330K, committed 153552K, reserved 1183744K
  class space    used 18491K, capacity 20276K, committed 20300K, reserved 1048576K
}
Event: 1434.765 GC heap after
{Heap after GC invocations=111 (full 0):
 garbage-first heap   total 280576K, used 198794K [0x0000000080000000, 0x0000000100000000)
  region size 1024K, 2 young (2048K), 2 survivors (2048K)
 Metaspace       used 148441K, capacity 153330K, committed 153552K, reserved 1183744K
  class space    used 18491K, capacity 20276K, committed 20300K, reserved 1048576K
}
Event: 1434.986 GC heap before
{Heap before GC invocations=111 (full 0):
 garbage-first heap   total 280576K, used 209034K [0x0000000080000000, 0x0000000100000000)
  region size 1024K, 13 young (13312K), 2 survivors (2048K)
 Metaspace       used 149040K, capacity 153983K, committed 154192K, reserved 1183744K
  class space    used 18567K, capacity 20386K, committed 20428K, reserved 1048576K
}
Event: 1435.002 GC heap after
{Heap after GC invocations=112 (full 0):
 garbage-first heap   total 280576K, used 189745K [0x0000000080000000, 0x0000000100000000)
  region size 1024K, 2 young (2048K), 2 survivors (2048K)
 Metaspace       used 149040K, capacity 153983K, committed 154192K, reserved 1183744K
  class space    used 18567K, capacity 20386K, committed 20428K, reserved 1048576K
}
Event: 1435.666 GC heap before
{Heap before GC invocations=112 (full 0):
 garbage-first heap   total 280576K, used 228657K [0x0000000080000000, 0x0000000100000000)
  region size 1024K, 41 young (41984K), 2 survivors (2048K)
 Metaspace       used 149335K, capacity 154257K, committed 154448K, reserved 1183744K
  class space    used 18585K, capacity 20391K, committed 20428K, reserved 1048576K
}
Event: 1435.688 GC heap after
{Heap after GC invocations=113 (full 0):
 garbage-first heap   total 280576K, used 195391K [0x0000000080000000, 0x0000000100000000)
  region size 1024K, 6 young (6144K), 6 survivors (6144K)
 Metaspace       used 149335K, capacity 154257K, committed 154448K, reserved 1183744K
  class space    used 18585K, capacity 20391K, committed 20428K, reserved 1048576K
}
Event: 1436.464 GC heap before
{Heap before GC invocations=114 (full 0):
 garbage-first heap   total 280576K, used 226111K [0x0000000080000000, 0x0000000100000000)
  region size 1024K, 38 young (38912K), 6 survivors (6144K)
 Metaspace       used 149373K, capacity 154287K, committed 154448K, reserved 1183744K
  class space    used 18588K, capacity 20396K, committed 20428K, reserved 1048576K
}
Event: 1436.499 GC heap after
{Heap after GC invocations=115 (full 0):
 garbage-first heap   total 280576K, used 198967K [0x0000000080000000, 0x0000000100000000)
  region size 1024K, 5 young (5120K), 5 survivors (5120K)
 Metaspace       used 149373K, capacity 154287K, committed 154448K, reserved 1183744K
  class space    used 18588K, capacity 20396K, committed 20428K, reserved 1048576K
}
Event: 1437.139 GC heap before
{Heap before GC invocations=116 (full 0):
 garbage-first heap   total 280576K, used 235831K [0x0000000080000000, 0x0000000100000000)
  region size 1024K, 38 young (38912K), 5 survivors (5120K)
 Metaspace       used 149592K, capacity 154566K, committed 154832K, reserved 1183744K
  class space    used 18623K, capacity 20445K, committed 20556K, reserved 1048576K
}

